<?xml version="1.0" encoding="UTF-8"?>
<!-- Generated by org.testng.reporters.JUnitReportReporter -->
<testsuite hostname="Ganesh" failures="0" tests="1" name="test.PimTest" time="4.112" errors="0" timestamp="2022-08-24T16:14:19 IST" skipped="0">
  <testcase classname="test.PimTest" name="verifyPimPage" time="4.112"/>
  <system-out/>
</testsuite> <!-- test.PimTest -->
